
If holds: var60:0
Execute: goal / SC / d=0

If holds: var18:0 var60:1
Execute: finish-service  / SC / d=1

If holds: var19:1 var20:0 var60:1
Execute: ask-user-grade  / SC / d=2

If holds: var19:0 var20:0 var60:1
Execute: error-treatment  / SC / d=3

If holds: var15:0 var19:1 var60:1
Execute: show-info-diagnostic-negative  / SC / d=3

If holds: var14:0 var19:1 var60:1
Execute: health-agent-takes-control  / SC / d=3

If holds: var2:0 var19:1 var60:1
Execute: call-health-agent  / SC / d=4

If holds: var70:1 var9:0 var19:1 var60:1
Execute: ask-patient-info-phone-number  / SC / d=5

If holds: var70:1 var9:0 var19:0 var60:1
Execute: error-treatment  / SC / d=6

If holds: var70:1 var67:0 var10:0 var72:1 var19:1 var60:1
Execute: ask-patient-info-pregmant-woman  / SC / d=6

If holds: var70:1 var67:0 var10:0 var72:1 var19:0 var60:1
Execute: error-treatment  / SC / d=7

If holds: var54:0 var19:1 var60:1
Execute: show-info-others  / NSC / d=3

If holds: var87:0 var19:1 var17:0 var60:1
Execute: start-dialog  / NSC / d=4

If holds: var54:0 var19:0 var60:1
Execute: error-treatment  / NSC / d=4

If holds: var65:0 var73:0 var61:1 var1:0 var19:1 var60:1
Execute: call-diagnostic-system  / NSC / d=4

If holds: var87:0 var65:1 var73:1 var61:1 var19:1 var17:0 var60:1
Execute: start-dialog  / NSC / d=4

If holds: var70:1 var63:1 var62:1 var69:1 var64:1 var65:0 var73:0 var61:1 var67:1 var66:1 var1:0 var68:1 var71:1 var12:1 var19:1 var60:1
Execute: call-diagnostic-system  / NSC / d=4

If holds: var87:1 var19:1 var60:1
Execute: show-welcome-message  / NSC / d=5

If holds: var87:0 var19:0 var17:0 var60:1
Execute: error-treatment  / NSC / d=5

If holds: var87:0 var51:0 var19:1 var0:1 var60:1
Execute: show-info-mental-health  / NSC / d=5

If holds: var87:0 var19:1 var22:0 var60:1
Execute: show-info-about-covid  / NSC / d=5

If holds: var87:0 var49:0 var19:1 var60:1
Execute: show-info-about-covid-in-ceara  / NSC / d=5

If holds: var87:0 var19:1 var52:0 var60:1
Execute: show-info-about-myths-and-truths  / NSC / d=5

If holds: var87:0 var40:0 var19:1 var60:1
Execute: show-info-about-the-restrictions-to-buy  / NSC / d=5

If holds: var87:0 var23:0 var19:1 var60:1
Execute: show-info-about-covid-kill  / NSC / d=5

If holds: var87:0 var24:0 var19:1 var60:1
Execute: show-info-about-covid-survive-in-surface  / NSC / d=5

If holds: var87:0 var33:0 var19:1 var60:1
Execute: show-info-about-medicine-for-covid  / NSC / d=5

If holds: var87:0 var21:0 var19:1 var60:1
Execute: show-info-about-antibiotics-effects  / NSC / d=5

If holds: var87:0 var34:0 var19:1 var60:1
Execute: show-info-about-people-affected-by-covid  / NSC / d=5

If holds: var87:0 var35:0 var19:1 var0:1 var60:1
Execute: show-info-about-pets-spread-covid  / NSC / d=5

If holds: var87:0 var19:1 var52:0 var0:1 var60:1
Execute: show-info-about-myths-and-truths  / NSC / d=5

If holds: var87:0 var19:1 var58:0 var60:1
Execute: show-info-about-when-feel-the-symptoms  / NSC / d=5

If holds: var87:0 var38:0 var19:1 var60:1
Execute: show-info-about-the-cases-need-hospitalization  / NSC / d=5

If holds: var87:0 var37:0 var19:1 var60:1
Execute: show-info-about-social-distancing  / NSC / d=5

If holds: var87:0 var44:0 var19:1 var60:1
Execute: show-info-about-when-home-isolation-is-necessasry  / NSC / d=5

If holds: var87:0 var29:0 var19:1 var60:1
Execute: show-info-about-home-isolation  / NSC / d=5

If holds: var87:0 var46:0 var60:1
Execute: show-info-about-who-is-the-exam-for  / NSC / d=5

If holds: var87:0 var39:0 var19:1 var60:1
Execute: show-info-about-the-diagnostic-of-the-covid  / NSC / d=5

If holds: var87:0 var45:0 var19:1 var60:1
Execute: show-info-about-where-to-get-care  / NSC / d=5

If holds: var87:0 var36:0 var19:1 var60:1
Execute: show-info-about-should-see-the-doctor  / NSC / d=5

If holds: var87:0 var56:0 var19:1 var60:1
Execute: show-info-about-the-riscs  / NSC / d=5

If holds: var87:0 var41:0 var19:1 var60:1
Execute: show-info-about-the-risk-group  / NSC / d=5

If holds: var87:0 var47:0 var19:1 var60:1
Execute: show-info-about-worried-about-this-disease  / NSC / d=5

If holds: var87:0 var27:0 var19:1 var60:1
Execute: show-info-about-disease-transmitted-through-the-air  / NSC / d=5

If holds: var87:0 var26:0 var19:1 var60:1
Execute: show-info-about-disease-spread  / NSC / d=5

If holds: var87:0 var25:0 var19:1 var60:1
Execute: show-info-about-disease-present-itself  / NSC / d=5

If holds: var87:0 var57:0 var19:1 var60:1
Execute: show-info-about-the-treatments  / NSC / d=5

If holds: var87:0 var50:0 var19:1 var60:1
Execute: show-info-about-main-symptoms  / NSC / d=5

If holds: var87:0 var19:1 var55:0 var60:1
Execute: show-info-about-how-to-protect-from-virus  / NSC / d=5

If holds: var87:0 var28:0 var19:1 var60:1
Execute: show-info-about-health-professional-protection  / NSC / d=5

If holds: var87:0 var42:0 var19:1 var60:1
Execute: show-info-about-wash-hands-correctly  / NSC / d=5

If holds: var87:0 var31:0 var19:1 var60:1
Execute: show-info-about-homemade-mask-use  / NSC / d=5

If holds: var87:0 var30:0 var19:1 var60:1
Execute: show-info-about-homemade-mask-look-like  / NSC / d=5

If holds: var87:0 var43:0 var19:1 var60:1
Execute: show-info-about-wear-mask  / NSC / d=5

If holds: var87:0 var32:0 var19:1 var60:1
Execute: show-info-about-main-prevention-measure  / NSC / d=5

If holds: var87:0 var53:0 var19:1 var60:1
Execute: show-info-about-new-corona-virus  / NSC / d=5

If holds: var65:1 var73:0 var61:1 var4:0 var19:1 var60:1
Execute: ask-patient-how-many-days-symptoms  / NSC / d=5

If holds: var87:0 var51:0 var19:0 var0:1 var60:1
Execute: error-treatment  / NSC / d=6

If holds: var87:0 var49:0 var19:0 var60:1
Execute: error-treatment  / NSC / d=6

If holds: var87:0 var19:0 var52:0 var60:1
Execute: error-treatment  / NSC / d=6

If holds: var87:0 var40:0 var19:0 var60:1
Execute: error-treatment  / NSC / d=6

If holds: var87:0 var23:0 var19:0 var60:1
Execute: error-treatment  / NSC / d=6

If holds: var87:0 var24:0 var19:0 var60:1
Execute: error-treatment  / NSC / d=6

If holds: var87:0 var33:0 var19:0 var60:1
Execute: error-treatment  / NSC / d=6

If holds: var87:0 var21:0 var19:0 var60:1
Execute: error-treatment  / NSC / d=6

If holds: var87:0 var34:0 var19:0 var60:1
Execute: error-treatment  / NSC / d=6

If holds: var87:0 var35:0 var19:0 var0:1 var60:1
Execute: error-treatment  / NSC / d=6

If holds: var87:0 var19:0 var58:0 var60:1
Execute: error-treatment  / NSC / d=6

If holds: var87:0 var38:0 var19:0 var60:1
Execute: error-treatment  / NSC / d=6

If holds: var87:0 var37:0 var19:0 var60:1
Execute: error-treatment  / NSC / d=6

If holds: var87:0 var44:0 var19:0 var60:1
Execute: error-treatment  / NSC / d=6

If holds: var87:0 var29:0 var19:0 var60:1
Execute: error-treatment  / NSC / d=6

If holds: var87:0 var39:0 var19:0 var60:1
Execute: error-treatment  / NSC / d=6

If holds: var87:0 var45:0 var19:0 var60:1
Execute: error-treatment  / NSC / d=6

If holds: var87:0 var36:0 var19:0 var60:1
Execute: error-treatment  / NSC / d=6

If holds: var87:0 var56:0 var19:0 var60:1
Execute: error-treatment  / NSC / d=6

If holds: var87:0 var41:0 var19:0 var60:1
Execute: error-treatment  / NSC / d=6

If holds: var87:0 var47:0 var19:0 var60:1
Execute: error-treatment  / NSC / d=6

If holds: var87:0 var27:0 var19:0 var60:1
Execute: error-treatment  / NSC / d=6

If holds: var87:0 var26:0 var19:0 var60:1
Execute: error-treatment  / NSC / d=6

If holds: var87:0 var25:0 var19:0 var60:1
Execute: error-treatment  / NSC / d=6

If holds: var87:0 var57:0 var19:0 var60:1
Execute: error-treatment  / NSC / d=6

If holds: var87:0 var50:0 var19:0 var60:1
Execute: error-treatment  / NSC / d=6

If holds: var87:0 var19:0 var22:0 var60:1
Execute: error-treatment  / NSC / d=6

If holds: var87:0 var19:0 var55:0 var60:1
Execute: error-treatment  / NSC / d=6

If holds: var87:0 var28:0 var19:0 var60:1
Execute: error-treatment  / NSC / d=6

If holds: var87:0 var42:0 var19:0 var60:1
Execute: error-treatment  / NSC / d=6

If holds: var87:0 var31:0 var19:0 var60:1
Execute: error-treatment  / NSC / d=6

If holds: var87:0 var30:0 var19:0 var60:1
Execute: error-treatment  / NSC / d=6

If holds: var87:0 var43:0 var19:0 var60:1
Execute: error-treatment  / NSC / d=6

If holds: var87:0 var32:0 var19:0 var60:1
Execute: error-treatment  / NSC / d=6

If holds: var87:0 var53:0 var19:0 var60:1
Execute: error-treatment  / NSC / d=6

If holds: var65:1 var73:1 var61:1 var11:0 var19:1 var60:1
Execute: ask-patient-symptoms  / NSC / d=6

If holds: var70:1 var7:0 var67:1 var66:1 var19:1 var60:1
Execute: ask-patient-info-gender  / NSC / d=6

If holds: var70:1 var7:0 var67:1 var72:1 var66:1 var19:1 var60:1
Execute: ask-patient-info-gender  / NSC / d=6

If holds: var65:1 var73:0 var61:1 var4:0 var19:0 var60:1
Execute: error-treatment  / NSC / d=6

If holds: var65:1 var73:1 var61:1 var59:0 var19:1 var60:1
Execute: start-online-service  / NSC / d=7

If holds: var70:1 var63:1 var3:0 var67:1 var66:1 var19:1 var60:1
Execute: ask-patient-comorbidities  / NSC / d=7

If holds: var70:1 var7:0 var67:1 var66:1 var19:0 var60:1
Execute: error-treatment  / NSC / d=7

If holds: var65:1 var73:1 var61:1 var11:0 var19:0 var60:1
Execute: error-treatment  / NSC / d=7

If holds: var70:1 var63:1 var62:1 var67:1 var66:1 var5:0 var19:1 var60:1
Execute: ask-patient-info-birthday  / NSC / d=8

If holds: var70:1 var63:1 var3:0 var67:1 var66:1 var19:0 var60:1
Execute: error-treatment  / NSC / d=8

If holds: var70:1 var63:1 var62:1 var69:1 var67:1 var8:0 var66:1 var19:1 var60:1
Execute: ask-patient-info-name  / NSC / d=9

If holds: var70:1 var63:1 var62:1 var67:1 var66:1 var5:0 var19:0 var60:1
Execute: error-treatment  / NSC / d=9

If holds: var70:1 var63:1 var62:1 var69:1 var64:1 var6:0 var67:1 var66:1 var19:1 var60:1
Execute: ask-patient-info-cpf  / NSC / d=10

If holds: var70:1 var63:1 var62:1 var69:1 var67:1 var8:0 var66:1 var19:0 var60:1
Execute: error-treatment  / NSC / d=10

If holds: var70:1 var63:1 var62:1 var69:1 var64:1 var67:1 var66:1 var48:0 var19:1 var60:1
Execute: show-info-calling-health-profitional  / NSC / d=11

If holds: var70:1 var63:1 var62:1 var69:1 var64:1 var6:0 var67:1 var66:1 var19:0 var60:1
Execute: error-treatment  / NSC / d=11

If holds: var70:1 var63:1 var62:1 var69:1 var64:1 var67:1 var66:1 var68:1 var71:1 var12:1 var13:0 var19:1 var60:1
Execute: ask-share-location  / NSC / d=12

If holds: var70:1 var63:1 var62:1 var69:1 var64:1 var67:1 var66:1 var68:1 var71:1 var12:0 var13:1 var19:1 var60:1
Execute: ask-postal-code  / NSC / d=12

If holds: var70:1 var63:1 var62:1 var69:1 var64:1 var61:0 var67:1 var66:1 var16:0 var68:1 var71:1 var12:1 var19:1 var60:1
Execute: show-info-diagnostic-positive  / NSC / d=13

If holds: var70:1 var63:1 var62:1 var69:1 var64:1 var67:1 var66:1 var68:1 var71:1 var12:0 var13:1 var19:0 var60:1
Execute: error-treatment  / NSC / d=13
